Build started 4/27/2017 10:21:08 AM.
     1>Project "C:\Users\am312792\Desktop\CPlusPlus\temperatureCalculator\temperatureCalculator\temperatureCalculator.vcxproj" on node 2 (Build target(s)).
     1>ClCompile:
         C:\Program Files (x86)\Microsoft Visual Studio 12.0\VC\bin\CL.exe /c /ZI /nologo /W3 /WX- /sdl /Od /Oy- /D WIN32 /D _DEBUG /D _CONSOLE /D _LIB /D _UNICODE /D UNICODE /Gm /EHsc /RTC1 /MDd /GS /fp:precise /Zc:wchar_t /Zc:forScope /Fo"Debug\\" /Fd"Debug\vc120.pdb" /Gd /TP /analyze- /errorReport:prompt Source.cpp
         Source.cpp
     1>c:\users\am312792\desktop\cplusplus\temperaturecalculator\temperaturecalculator\source.cpp(12): warning C4244: 'return' : conversion from 'double' to 'int', possible loss of data
     1>c:\users\am312792\desktop\cplusplus\temperaturecalculator\temperaturecalculator\source.cpp(19): warning C4244: 'return' : conversion from 'double' to 'int', possible loss of data
     1>c:\users\am312792\desktop\cplusplus\temperaturecalculator\temperaturecalculator\source.cpp(26): warning C4244: 'return' : conversion from 'double' to 'int', possible loss of data
     1>c:\users\am312792\desktop\cplusplus\temperaturecalculator\temperaturecalculator\source.cpp(31): warning C4101: 'celsius' : unreferenced local variable
     1>c:\users\am312792\desktop\cplusplus\temperaturecalculator\temperaturecalculator\source.cpp(31): warning C4101: 'convertTemp2' : unreferenced local variable
     1>c:\users\am312792\desktop\cplusplus\temperaturecalculator\temperaturecalculator\source.cpp(31): warning C4101: 'fahrenheit' : unreferenced local variable
     1>c:\users\am312792\desktop\cplusplus\temperaturecalculator\temperaturecalculator\source.cpp(31): warning C4101: 'calculate' : unreferenced local variable
     1>c:\users\am312792\desktop\cplusplus\temperaturecalculator\temperaturecalculator\source.cpp(31): warning C4101: 'convertTemp3' : unreferenced local variable
     1>c:\users\am312792\desktop\cplusplus\temperaturecalculator\temperaturecalculator\source.cpp(31): warning C4101: 'convertTemp1' : unreferenced local variable
       Link:
         C:\Program Files (x86)\Microsoft Visual Studio 12.0\VC\bin\link.exe /ERRORREPORT:PROMPT /OUT:"C:\Users\am312792\Desktop\CPlusPlus\temperatureCalculator\Debug\temperatureCalculator.exe" /INCREMENTAL /NOLOGO kernel32.lib user32.lib gdi32.lib winspool.lib comdlg32.lib advapi32.lib shell32.lib ole32.lib oleaut32.lib uuid.lib odbc32.lib odbccp32.lib /MANIFEST /MANIFESTUAC:"level='asInvoker' uiAccess='false'" /manifest:embed /DEBUG /PDB:"C:\Users\am312792\Desktop\CPlusPlus\temperatureCalculator\Debug\temperatureCalculator.pdb" /SUBSYSTEM:CONSOLE /TLBID:1 /DYNAMICBASE /NXCOMPAT /IMPLIB:"C:\Users\am312792\Desktop\CPlusPlus\temperatureCalculator\Debug\temperatureCalculator.lib" /MACHINE:X86 Debug\Source.obj
         temperatureCalculator.vcxproj -> C:\Users\am312792\Desktop\CPlusPlus\temperatureCalculator\Debug\temperatureCalculator.exe
     1>Done Building Project "C:\Users\am312792\Desktop\CPlusPlus\temperatureCalculator\temperatureCalculator\temperatureCalculator.vcxproj" (Build target(s)).

Build succeeded.

Time Elapsed 00:00:05.42
